{
  "RSpec": {
    "coverage": {
      "/Users/Kriss/Desktop/Ruby/projects/Bank-ruby/lib/bank.rb": [
        null,
        null,
        1,
        1,
        null,
        null,
        1,
        1,
        4,
        4,
        null,
        null,
        1,
        4,
        null,
        null,
        1,
        1,
        null,
        null,
        1,
        4,
        null,
        null
      ],
      "/Users/Kriss/Desktop/Ruby/projects/Bank-ruby/lib/bank_account.rb": [
        null,
        null,
        null,
        1,
        1,
        null,
        1,
        10,
        null,
        null,
        1,
        4,
        4,
        5,
        null,
        null,
        null
      ],
      "/Users/Kriss/Desktop/Ruby/projects/Bank-ruby/lib/transaction.rb": [
        null,
        null,
        1,
        null,
        null,
        1,
        1,
        4,
        4,
        null,
        null,
        1,
        11,
        11,
        2,
        null,
        null,
        null
      ]
    },
    "timestamp": 1568329200
  }
}
